[debug] [2025-04-08T03:18:50.224Z] ----------------------------------------------------------------------
[debug] [2025-04-08T03:18:50.227Z] Command:       C:\Program Files\nodejs\node.exe C:\Users\yflas\AppData\Roaming\npm\node_modules\firebase-tools\lib\bin\firebase.js emulators:start
[debug] [2025-04-08T03:18:50.227Z] CLI Version:   14.0.1
[debug] [2025-04-08T03:18:50.227Z] Platform:      win32
[debug] [2025-04-08T03:18:50.227Z] Node Version:  v22.13.0
[debug] [2025-04-08T03:18:50.228Z] Time:          Tue Apr 08 2025 09:03:50 GMT+0545 (Nepal Time)
[debug] [2025-04-08T03:18:50.228Z] ----------------------------------------------------------------------
[debug] 
[debug] [2025-04-08T03:18:50.231Z] >>> [apiv2][query] GET https://firebase-public.firebaseio.com/cli.json [none]
[debug] [2025-04-08T03:18:50.470Z] > command requires scopes: ["email","openid","https://www.googleapis.com/auth/cloudplatformprojects.readonly","https://www.googleapis.com/auth/firebase","https://www.googleapis.com/auth/cloud-platform"]
[debug] [2025-04-08T03:18:50.471Z] > authorizing via signed-in user (itsmesajanmaharjan@gmail.com)
[info] i  emulators: Starting emulators: functions, hosting, extensions {"metadata":{"emulator":{"name":"hub"},"message":"Starting emulators: functions, hosting, extensions"}}
[debug] [2025-04-08T03:18:50.474Z] Checked if tokens are valid: false, expires at: 1743958130706
[debug] [2025-04-08T03:18:50.475Z] Checked if tokens are valid: false, expires at: 1743958130706
[debug] [2025-04-08T03:18:50.475Z] > refreshing access token with scopes: []
[debug] [2025-04-08T03:18:50.476Z] >>> [apiv2][query] POST https://www.googleapis.com/oauth2/v3/token [none]
[debug] [2025-04-08T03:18:50.476Z] >>> [apiv2][body] POST https://www.googleapis.com/oauth2/v3/token [omitted]
[debug] [2025-04-08T03:18:50.793Z] <<< [apiv2][status] POST https://www.googleapis.com/oauth2/v3/token 200
[debug] [2025-04-08T03:18:50.794Z] <<< [apiv2][body] POST https://www.googleapis.com/oauth2/v3/token [omitted]
[debug] [2025-04-08T03:18:50.801Z] >>> [apiv2][query] GET https://cloudresourcemanager.googleapis.com/v1/projects/challenge-7b8e1 [none]
[debug] [2025-04-08T03:18:51.176Z] <<< [apiv2][status] GET https://firebase-public.firebaseio.com/cli.json 200
[debug] [2025-04-08T03:18:51.176Z] <<< [apiv2][body] GET https://firebase-public.firebaseio.com/cli.json {"cloudBuildErrorAfter":1594252800000,"cloudBuildWarnAfter":1590019200000,"defaultNode10After":1594252800000,"minVersion":"3.0.5","node8DeploysDisabledAfter":1613390400000,"node8RuntimeDisabledAfter":1615809600000,"node8WarnAfter":1600128000000}
[debug] [2025-04-08T03:18:52.520Z] <<< [apiv2][status] GET https://cloudresourcemanager.googleapis.com/v1/projects/challenge-7b8e1 200
[debug] [2025-04-08T03:18:52.520Z] <<< [apiv2][body] GET https://cloudresourcemanager.googleapis.com/v1/projects/challenge-7b8e1 {"projectNumber":"932574658745","projectId":"challenge-7b8e1","lifecycleState":"ACTIVE","name":"amazon-challenge","labels":{"firebase":"enabled","firebase-core":"disabled"},"createTime":"2025-03-23T16:30:06.608826Z"}
[debug] [2025-04-08T03:18:52.531Z] [logging] Logging Emulator only supports listening on one address (127.0.0.1). Not listening on ::1
[debug] [2025-04-08T03:18:52.531Z] [hosting] Hosting Emulator only supports listening on one address (127.0.0.1). Not listening on ::1
[debug] [2025-04-08T03:18:52.531Z] assigned listening specs for emulators {"user":{"hub":[{"address":"127.0.0.1","family":"IPv4","port":4400},{"address":"::1","family":"IPv6","port":4400}],"ui":[{"address":"127.0.0.1","family":"IPv4","port":4000},{"address":"::1","family":"IPv6","port":4000}],"logging":[{"address":"127.0.0.1","family":"IPv4","port":4500}],"hosting":[{"address":"127.0.0.1","family":"IPv4","port":5000}]},"metadata":{"message":"assigned listening specs for emulators"}}
[debug] [2025-04-08T03:18:52.537Z] [hub] writing locator at C:\Users\yflas\AppData\Local\Temp\hub-challenge-7b8e1.json
[debug] [2025-04-08T03:18:52.544Z] [Extensions] Started Extensions emulator, this is a noop.
[debug] [2025-04-08T03:18:52.549Z] [functions] Functions Emulator only supports listening on one address (127.0.0.1). Not listening on ::1
[debug] [2025-04-08T03:18:52.550Z] [eventarc] Eventarc Emulator only supports listening on one address (127.0.0.1). Not listening on ::1
[debug] [2025-04-08T03:18:52.550Z] [tasks] Cloud Tasks Emulator only supports listening on one address (127.0.0.1). Not listening on ::1
[debug] [2025-04-08T03:18:52.550Z] late-assigned ports for functions and eventarc emulators {"user":{"hub":[{"address":"127.0.0.1","family":"IPv4","port":4400},{"address":"::1","family":"IPv6","port":4400}],"ui":[{"address":"127.0.0.1","family":"IPv4","port":4000},{"address":"::1","family":"IPv6","port":4000}],"logging":[{"address":"127.0.0.1","family":"IPv4","port":4500}],"hosting":[{"address":"127.0.0.1","family":"IPv4","port":5000}],"functions":[{"address":"127.0.0.1","family":"IPv4","port":5001}],"eventarc":[{"address":"127.0.0.1","family":"IPv4","port":9299}],"tasks":[{"address":"127.0.0.1","family":"IPv4","port":9499}]},"metadata":{"message":"late-assigned ports for functions and eventarc emulators"}}
[warn] !  functions: The following emulators are not running, calls to these services from the Functions emulator will affect production: apphosting, auth, firestore, database, pubsub, storage, dataconnect {"metadata":{"emulator":{"name":"functions"},"message":"The following emulators are not running, calls to these services from the Functions emulator will affect production: \u001b[1mapphosting, auth, firestore, database, pubsub, storage, dataconnect\u001b[22m"}}
[debug] [2025-04-08T03:18:52.568Z] defaultcredentials: writing to file C:\Users\yflas\AppData\Roaming\firebase\itsmesajanmaharjan_gmail_com_application_default_credentials.json
[debug] [2025-04-08T03:18:52.570Z] Setting GAC to C:\Users\yflas\AppData\Roaming\firebase\itsmesajanmaharjan_gmail_com_application_default_credentials.json {"metadata":{"emulator":{"name":"functions"},"message":"Setting GAC to C:\\Users\\yflas\\AppData\\Roaming\\firebase\\itsmesajanmaharjan_gmail_com_application_default_credentials.json"}}
[debug] [2025-04-08T03:18:52.571Z] Checked if tokens are valid: true, expires at: 1744085929794
[debug] [2025-04-08T03:18:52.571Z] Checked if tokens are valid: true, expires at: 1744085929794
[debug] [2025-04-08T03:18:52.571Z] >>> [apiv2][query] GET https://firebase.googleapis.com/v1beta1/projects/challenge-7b8e1/adminSdkConfig [none]
[debug] [2025-04-08T03:18:53.328Z] <<< [apiv2][status] GET https://firebase.googleapis.com/v1beta1/projects/challenge-7b8e1/adminSdkConfig 200
[debug] [2025-04-08T03:18:53.329Z] <<< [apiv2][body] GET https://firebase.googleapis.com/v1beta1/projects/challenge-7b8e1/adminSdkConfig {"projectId":"challenge-7b8e1","storageBucket":"challenge-7b8e1.firebasestorage.app"}
[debug] [2025-04-08T03:18:53.374Z] Checked if tokens are valid: true, expires at: 1744085929794
[debug] [2025-04-08T03:18:53.375Z] Checked if tokens are valid: true, expires at: 1744085929794
[debug] [2025-04-08T03:18:53.375Z] >>> [apiv2][query] GET https://firebasehosting.googleapis.com/v1beta1/projects/challenge-7b8e1/sites 
[debug] [2025-04-08T03:18:54.792Z] <<< [apiv2][status] GET https://firebasehosting.googleapis.com/v1beta1/projects/challenge-7b8e1/sites 200
[debug] [2025-04-08T03:18:54.792Z] <<< [apiv2][body] GET https://firebasehosting.googleapis.com/v1beta1/projects/challenge-7b8e1/sites {"sites":[{"name":"projects/challenge-7b8e1/sites/challenge-7b8e1","defaultUrl":"https://challenge-7b8e1.web.app","appId":"1:932574658745:web:dae202a733761be8301b68","type":"DEFAULT_SITE"}]}
[debug] [2025-04-08T03:18:54.792Z] Checked if tokens are valid: true, expires at: 1744085929794
[debug] [2025-04-08T03:18:54.792Z] Checked if tokens are valid: true, expires at: 1744085929794
[debug] [2025-04-08T03:18:54.793Z] >>> [apiv2][query] GET https://firebase.googleapis.com/v1beta1/projects/challenge-7b8e1/webApps/1:932574658745:web:dae202a733761be8301b68/config [none]
[debug] [2025-04-08T03:18:55.742Z] <<< [apiv2][status] GET https://firebase.googleapis.com/v1beta1/projects/challenge-7b8e1/webApps/1:932574658745:web:dae202a733761be8301b68/config 200
[debug] [2025-04-08T03:18:55.742Z] <<< [apiv2][body] GET https://firebase.googleapis.com/v1beta1/projects/challenge-7b8e1/webApps/1:932574658745:web:dae202a733761be8301b68/config {"projectId":"challenge-7b8e1","appId":"1:932574658745:web:dae202a733761be8301b68","storageBucket":"challenge-7b8e1.firebasestorage.app","apiKey":"AIzaSyDqk0Mu-7f32AFykQ2kx5sGsQL7ya2KjAU","authDomain":"challenge-7b8e1.firebaseapp.com","messagingSenderId":"932574658745","measurementId":"G-4NSGR9QELK"}
[debug] [2025-04-08T03:18:55.748Z] Checked if tokens are valid: true, expires at: 1744085929794
[debug] [2025-04-08T03:18:55.748Z] Checked if tokens are valid: true, expires at: 1744085929794
[debug] [2025-04-08T03:18:55.749Z] >>> [apiv2][query] GET https://firebase.googleapis.com/v1beta1/projects/challenge-7b8e1 [none]
[debug] [2025-04-08T03:18:56.350Z] <<< [apiv2][status] GET https://firebase.googleapis.com/v1beta1/projects/challenge-7b8e1 200
[debug] [2025-04-08T03:18:56.351Z] <<< [apiv2][body] GET https://firebase.googleapis.com/v1beta1/projects/challenge-7b8e1 {"projectId":"challenge-7b8e1","projectNumber":"932574658745","displayName":"amazon-challenge","name":"projects/challenge-7b8e1","resources":{"hostingSite":"challenge-7b8e1"},"state":"ACTIVE","etag":"1_7cd4aea3-d7f3-4dc2-ab10-38bfc1389306"}
[info] i  hosting[challenge-7b8e1]: Serving hosting files from: build {"metadata":{"emulator":{"name":"hosting"},"message":"Serving hosting files from: \u001b[1mbuild\u001b[22m"}}
[info] +  hosting[challenge-7b8e1]: Local server: http://127.0.0.1:5000 {"metadata":{"emulator":{"name":"hosting"},"message":"Local server: \u001b[4m\u001b[1mhttp://127.0.0.1:5000\u001b[22m\u001b[24m"}}
[debug] [2025-04-08T03:18:56.380Z] [Extensions] Connecting Extensions emulator, this is a noop.
[info] i  functions: Watching "E:\Learning\Amazon-clone\amazon-clone\functions" for Cloud Functions... {"metadata":{"emulator":{"name":"functions"},"message":"Watching \"E:\\Learning\\Amazon-clone\\amazon-clone\\functions\" for Cloud Functions..."}}
[debug] [2025-04-08T03:18:56.391Z] Validating nodejs source
[debug] [2025-04-08T03:18:57.998Z] > [functions] package.json contents: {
  "name": "functions",
  "description": "Cloud Functions for Firebase",
  "scripts": {
    "lint": "eslint .",
    "serve": "firebase emulators:start --only functions",
    "shell": "firebase functions:shell",
    "start": "npm run shell",
    "deploy": "firebase deploy --only functions",
    "logs": "firebase functions:log"
  },
  "engines": {
    "node": "22"
  },
  "main": "index.js",
  "dependencies": {
    "cors": "^2.8.5",
    "express": "^5.1.0",
    "firebase-admin": "^12.6.0",
    "firebase-functions": "^6.0.1",
    "stripe": "^18.0.0"
  },
  "devDependencies": {
    "eslint": "^8.15.0",
    "eslint-config-google": "^0.14.0",
    "firebase-functions-test": "^3.1.0"
  },
  "private": true
}
[debug] [2025-04-08T03:18:57.998Z] Building nodejs source
[debug] [2025-04-08T03:18:57.999Z] Failed to find version of module node: reached end of search path E:\Learning\Amazon-clone\amazon-clone\functions\node_modules
[info] +  functions: Using node@22 from host. 
[debug] [2025-04-08T03:18:58.002Z] Could not find functions.yaml. Must use http discovery
[debug] [2025-04-08T03:18:58.067Z] Found firebase-functions binary at 'E:\Learning\Amazon-clone\amazon-clone\functions\node_modules\.bin\firebase-functions'
[info] Serving at port 8403

[error] !!  functions: Failed to load function definition from source: FirebaseError: User code failed to load. Cannot determine backend specification. Timeout after 10000. See https://firebase.google.com/docs/functions/tips#avoid_deployment_timeouts_during_initialization' {"metadata":{"emulator":{"name":"functions"},"message":"Failed to load function definition from source: FirebaseError: User code failed to load. Cannot determine backend specification. Timeout after 10000. See https://firebase.google.com/docs/functions/tips#avoid_deployment_timeouts_during_initialization'"}}
[debug] [2025-04-08T03:19:21.887Z] Could not find VSCode notification endpoint: FetchError: request to http://localhost:40001/vscode/notify failed, reason: . If you are not running the Firebase Data Connect VSCode extension, this is expected and not an issue.
[info] 
┌─────────────────────────────────────────────────────────────┐
│ ✔  All emulators ready! It is now safe to connect your app. │
│ i  View Emulator UI at http://127.0.0.1:4000/               │
└─────────────────────────────────────────────────────────────┘

┌────────────┬────────────────┬──────────────────────────────────┐
│ Emulator   │ Host:Port      │ View in Emulator UI              │
├────────────┼────────────────┼──────────────────────────────────┤
│ Functions  │ 127.0.0.1:5001 │ http://127.0.0.1:4000/functions  │
├────────────┼────────────────┼──────────────────────────────────┤
│ Hosting    │ 127.0.0.1:5000 │ n/a                              │
├────────────┼────────────────┼──────────────────────────────────┤
│ Extensions │ 127.0.0.1:5001 │ http://127.0.0.1:4000/extensions │
└────────────┴────────────────┴──────────────────────────────────┘
  Emulator Hub host: 127.0.0.1 port: 4400
  Other reserved ports: 4500
┌─────────────────────────┬───────────────┬─────────────────────┐
│ Extension Instance Name │ Extension Ref │ View in Emulator UI │
└─────────────────────────┴───────────────┴─────────────────────┘
Issues? Report them at https://github.com/firebase/firebase-tools/issues and attach the *-debug.log files.
 
[debug] [2025-04-08T03:19:22.328Z] [work-queue] {"queuedWork":["/challenge-7b8e1/us-central1/api/payments/create-2025-04-08T03:19:22.328Z"],"queueLength":1,"runningWork":[],"workRunningCount":0}
[debug] [2025-04-08T03:19:22.328Z] [work-queue] {"queuedWork":[],"queueLength":0,"runningWork":["/challenge-7b8e1/us-central1/api/payments/create-2025-04-08T03:19:22.328Z"],"workRunningCount":1}
[debug] [2025-04-08T03:19:22.334Z] [work-queue] {"queuedWork":[],"queueLength":0,"runningWork":[],"workRunningCount":0}
[debug] [2025-04-08T03:19:22.337Z] [work-queue] {"queuedWork":["/challenge-7b8e1/us-central1/api/payments/create-2025-04-08T03:19:22.337Z"],"queueLength":1,"runningWork":[],"workRunningCount":0}
[debug] [2025-04-08T03:19:22.337Z] [work-queue] {"queuedWork":[],"queueLength":0,"runningWork":["/challenge-7b8e1/us-central1/api/payments/create-2025-04-08T03:19:22.337Z"],"workRunningCount":1}
[debug] [2025-04-08T03:19:22.338Z] [work-queue] {"queuedWork":[],"queueLength":0,"runningWork":[],"workRunningCount":0}
[debug] [2025-04-08T03:19:32.501Z] [work-queue] {"queuedWork":["/challenge-7b8e1/us-central1/api/payments/create-2025-04-08T03:19:32.501Z"],"queueLength":1,"runningWork":[],"workRunningCount":0}
[debug] [2025-04-08T03:19:32.502Z] [work-queue] {"queuedWork":[],"queueLength":0,"runningWork":["/challenge-7b8e1/us-central1/api/payments/create-2025-04-08T03:19:32.501Z"],"workRunningCount":1}
[debug] [2025-04-08T03:19:32.503Z] [work-queue] {"queuedWork":[],"queueLength":0,"runningWork":[],"workRunningCount":0}
[debug] [2025-04-08T03:19:32.504Z] [work-queue] {"queuedWork":["/challenge-7b8e1/us-central1/api/payments/create-2025-04-08T03:19:32.504Z"],"queueLength":1,"runningWork":[],"workRunningCount":0}
[debug] [2025-04-08T03:19:32.504Z] [work-queue] {"queuedWork":[],"queueLength":0,"runningWork":["/challenge-7b8e1/us-central1/api/payments/create-2025-04-08T03:19:32.504Z"],"workRunningCount":1}
[debug] [2025-04-08T03:19:32.505Z] [work-queue] {"queuedWork":[],"queueLength":0,"runningWork":[],"workRunningCount":0}
[debug] [2025-04-08T03:19:49.708Z] [work-queue] {"queuedWork":["/challenge-7b8e1/us-central1/api/payments/create-2025-04-08T03:19:49.708Z"],"queueLength":1,"runningWork":[],"workRunningCount":0}
[debug] [2025-04-08T03:19:49.709Z] [work-queue] {"queuedWork":[],"queueLength":0,"runningWork":["/challenge-7b8e1/us-central1/api/payments/create-2025-04-08T03:19:49.708Z"],"workRunningCount":1}
[debug] [2025-04-08T03:19:49.709Z] [work-queue] {"queuedWork":[],"queueLength":0,"runningWork":[],"workRunningCount":0}
[debug] [2025-04-08T03:19:49.710Z] [work-queue] {"queuedWork":["/challenge-7b8e1/us-central1/api/payments/create-2025-04-08T03:19:49.710Z"],"queueLength":1,"runningWork":[],"workRunningCount":0}
[debug] [2025-04-08T03:19:49.711Z] [work-queue] {"queuedWork":[],"queueLength":0,"runningWork":["/challenge-7b8e1/us-central1/api/payments/create-2025-04-08T03:19:49.710Z"],"workRunningCount":1}
[debug] [2025-04-08T03:19:49.711Z] [work-queue] {"queuedWork":[],"queueLength":0,"runningWork":[],"workRunningCount":0}
[debug] [2025-04-08T03:20:19.501Z] [work-queue] {"queuedWork":["/challenge-7b8e1/us-central1/api/payments/create-2025-04-08T03:20:19.501Z"],"queueLength":1,"runningWork":[],"workRunningCount":0}
[debug] [2025-04-08T03:20:19.501Z] [work-queue] {"queuedWork":[],"queueLength":0,"runningWork":["/challenge-7b8e1/us-central1/api/payments/create-2025-04-08T03:20:19.501Z"],"workRunningCount":1}
[debug] [2025-04-08T03:20:19.502Z] [work-queue] {"queuedWork":[],"queueLength":0,"runningWork":[],"workRunningCount":0}
[debug] [2025-04-08T03:20:19.505Z] [work-queue] {"queuedWork":["/challenge-7b8e1/us-central1/api/payments/create-2025-04-08T03:20:19.505Z"],"queueLength":1,"runningWork":[],"workRunningCount":0}
[debug] [2025-04-08T03:20:19.506Z] [work-queue] {"queuedWork":[],"queueLength":0,"runningWork":["/challenge-7b8e1/us-central1/api/payments/create-2025-04-08T03:20:19.505Z"],"workRunningCount":1}
[debug] [2025-04-08T03:20:19.508Z] [work-queue] {"queuedWork":[],"queueLength":0,"runningWork":[],"workRunningCount":0}
[debug] [2025-04-08T03:20:33.663Z] [work-queue] {"queuedWork":["/challenge-7b8e1/us-central1/api/payments/create-2025-04-08T03:20:33.663Z"],"queueLength":1,"runningWork":[],"workRunningCount":0}
[debug] [2025-04-08T03:20:33.664Z] [work-queue] {"queuedWork":[],"queueLength":0,"runningWork":["/challenge-7b8e1/us-central1/api/payments/create-2025-04-08T03:20:33.663Z"],"workRunningCount":1}
[debug] [2025-04-08T03:20:33.665Z] [work-queue] {"queuedWork":[],"queueLength":0,"runningWork":[],"workRunningCount":0}
[debug] [2025-04-08T03:20:33.666Z] [work-queue] {"queuedWork":["/challenge-7b8e1/us-central1/api/payments/create-2025-04-08T03:20:33.666Z"],"queueLength":1,"runningWork":[],"workRunningCount":0}
[debug] [2025-04-08T03:20:33.667Z] [work-queue] {"queuedWork":[],"queueLength":0,"runningWork":["/challenge-7b8e1/us-central1/api/payments/create-2025-04-08T03:20:33.666Z"],"workRunningCount":1}
[debug] [2025-04-08T03:20:33.667Z] [work-queue] {"queuedWork":[],"queueLength":0,"runningWork":[],"workRunningCount":0}
[debug] [2025-04-08T03:22:46.240Z] [work-queue] {"queuedWork":["/challenge-7b8e1/us-central1/api/payments/create-2025-04-08T03:22:46.240Z"],"queueLength":1,"runningWork":[],"workRunningCount":0}
[debug] [2025-04-08T03:22:46.240Z] [work-queue] {"queuedWork":[],"queueLength":0,"runningWork":["/challenge-7b8e1/us-central1/api/payments/create-2025-04-08T03:22:46.240Z"],"workRunningCount":1}
[debug] [2025-04-08T03:22:46.241Z] [work-queue] {"queuedWork":[],"queueLength":0,"runningWork":[],"workRunningCount":0}
